<?xml version="1.0" encoding="UTF-8"?>
<testsuite xmlns:xsi="http://www.w3.org/2001/XMLSchema-instance" xsi:noNamespaceSchemaLocation="https://maven.apache.org/surefire/maven-surefire-plugin/xsd/surefire-test-report.xsd" name="com.micit.rop.NwsRoPservicesApplicationTests" time="0.508" tests="1" errors="1" skipped="0" failures="0">
  <properties>
[...]
</properties>
  <testcase name="com.micit.rop.NwsRoPservicesApplicationTests" classname="com.micit.rop.NwsRoPservicesApplicationTests" time="0.506">
    <error message="Unable to find a @SpringBootConfiguration, you need to use @ContextConfiguration or @SpringBootTest(classes=...) with your test" type="java.lang.IllegalStateException">java.lang.IllegalStateException: Unable to find a @SpringBootConfiguration, you need to use @ContextConfiguration or @SpringBootTest(classes=...) with your test
</error>
    <system-out><![CDATA[10:16:46.829 [main] DEBUG org.springframework.test.context.BootstrapUtils - Instantiating CacheAwareContextLoaderDelegate from class [org.springframework.test.context.cache.DefaultCacheAwareContextLoaderDelegate]
10:16:46.846 [main] DEBUG org.springframework.test.context.BootstrapUtils - Instantiating BootstrapContext using constructor [public org.springframework.test.context.support.DefaultBootstrapContext(java.lang.Class,org.springframework.test.context.CacheAwareContextLoaderDelegate)]
10:16:46.896 [main] DEBUG org.springframework.test.context.BootstrapUtils - Instantiating TestContextBootstrapper for test class [com.micit.rop.NwsRoPservicesApplicationTests] from class [org.springframework.boot.test.context.SpringBootTestContextBootstrapper]
10:16:46.910 [main] INFO org.springframework.boot.test.context.SpringBootTestContextBootstrapper - Neither @ContextConfiguration nor @ContextHierarchy found for test class [com.micit.rop.NwsRoPservicesApplicationTests], using SpringBootContextLoader
10:16:46.916 [main] DEBUG org.springframework.test.context.support.AbstractContextLoader - Did not detect default resource location for test class [com.micit.rop.NwsRoPservicesApplicationTests]: class path resource [com/micit/rop/NwsRoPservicesApplicationTests-context.xml] does not exist
10:16:46.917 [main] DEBUG org.springframework.test.context.support.AbstractContextLoader - Did not detect default resource location for test class [com.micit.rop.NwsRoPservicesApplicationTests]: class path resource [com/micit/rop/NwsRoPservicesApplicationTestsContext.groovy] does not exist
10:16:46.917 [main] INFO org.springframework.test.context.support.AbstractContextLoader - Could not detect default resource locations for test class [com.micit.rop.NwsRoPservicesApplicationTests]: no resource found for suffixes {-context.xml, Context.groovy}.
10:16:46.918 [main] INFO org.springframework.test.context.support.AnnotationConfigContextLoaderUtils - Could not detect default configuration classes for test class [com.micit.rop.NwsRoPservicesApplicationTests]: NwsRoPservicesApplicationTests does not declare any static, non-private, non-final, nested classes annotated with @Configuration.
10:16:47.085 [main] DEBUG org.springframework.test.context.support.ActiveProfilesUtils - Could not find an 'annotation declaring class' for annotation type [org.springframework.test.context.ActiveProfiles] and class [com.micit.rop.NwsRoPservicesApplicationTests]
]]></system-out>
  </testcase>
</testsuite>